<?xml version="1.0" encoding="UTF-8"?>
<testsuite xmlns:xsi="http://www.w3.org/2001/XMLSchema-instance" xsi:noNamespaceSchemaLocation="https://maven.apache.org/surefire/maven-surefire-plugin/xsd/surefire-test-report-3.0.xsd" version="3.0" name="assign251_2.StressTest" time="168.755" tests="1" errors="0" skipped="0" failures="0">
  <properties>
[...]
</properties>
  <testcase name="runAllStressTests" classname="assign251_2.StressTest" time="168.711">
    <system-out><![CDATA[=== Warming up JVM (10k logs + concurrent threads) ===

=== Stress Test Results (Time in ms, Memory in MB) ===
Configuration                                      MaxSize      Time(ms)     Est. Memory(MB)    Discarded 

=== Batch 1/4 for MemAppender(ArrayList) (maxSize=100) ===
Batch 1: Time=102.000 ms, Mem=0.00 MB, Discarded=49880

=== Batch 2/4 for MemAppender(ArrayList) (maxSize=100) ===
Batch 2: Time=81.000 ms, Mem=95.10 MB, Discarded=99860

=== Batch 3/4 for MemAppender(ArrayList) (maxSize=100) ===
Batch 3: Time=119.000 ms, Mem=0.00 MB, Discarded=149840

=== Batch 4/4 for MemAppender(ArrayList) (maxSize=100) ===
Batch 4: Time=115.000 ms, Mem=0.00 MB, Discarded=199820
MemAppender(ArrayList) [Summary]                   100          417.000      95.10              (Total Discarded: 199820)

=== Batch 1/4 for MemAppender(LinkedList) (maxSize=100) ===
Batch 1: Time=112.000 ms, Mem=92.92 MB, Discarded=49880

=== Batch 2/4 for MemAppender(LinkedList) (maxSize=100) ===
Batch 2: Time=111.000 ms, Mem=0.00 MB, Discarded=99860

=== Batch 3/4 for MemAppender(LinkedList) (maxSize=100) ===
Batch 3: Time=101.000 ms, Mem=93.35 MB, Discarded=149840

=== Batch 4/4 for MemAppender(LinkedList) (maxSize=100) ===
Batch 4: Time=95.000 ms, Mem=24.22 MB, Discarded=199820
MemAppender(LinkedList) [Summary]                  100          419.000      93.35              (Total Discarded: 199820)

=== Batch 1/4 for MemAppender(ArrayList) (maxSize=500) ===
Batch 1: Time=146.000 ms, Mem=23.95 MB, Discarded=49480

=== Batch 2/4 for MemAppender(ArrayList) (maxSize=500) ===
Batch 2: Time=119.000 ms, Mem=0.00 MB, Discarded=99460

=== Batch 3/4 for MemAppender(ArrayList) (maxSize=500) ===
Batch 3: Time=134.000 ms, Mem=20.16 MB, Discarded=149440

=== Batch 4/4 for MemAppender(ArrayList) (maxSize=500) ===
Batch 4: Time=76.000 ms, Mem=19.46 MB, Discarded=199420
MemAppender(ArrayList) [Summary]                   500          475.000      23.95              (Total Discarded: 199420)

=== Batch 1/4 for MemAppender(LinkedList) (maxSize=500) ===
Batch 1: Time=91.000 ms, Mem=20.84 MB, Discarded=49480

=== Batch 2/4 for MemAppender(LinkedList) (maxSize=500) ===
Batch 2: Time=100.000 ms, Mem=20.49 MB, Discarded=99460

=== Batch 3/4 for MemAppender(LinkedList) (maxSize=500) ===
Batch 3: Time=98.000 ms, Mem=20.20 MB, Discarded=149440

=== Batch 4/4 for MemAppender(LinkedList) (maxSize=500) ===
Batch 4: Time=104.000 ms, Mem=21.61 MB, Discarded=199420
MemAppender(LinkedList) [Summary]                  500          393.000      21.61              (Total Discarded: 199420)

=== Batch 1/4 for MemAppender(ArrayList) (maxSize=1000) ===
Batch 1: Time=166.000 ms, Mem=21.57 MB, Discarded=48980

=== Batch 2/4 for MemAppender(ArrayList) (maxSize=1000) ===
Batch 2: Time=177.000 ms, Mem=21.05 MB, Discarded=98960

=== Batch 3/4 for MemAppender(ArrayList) (maxSize=1000) ===
Batch 3: Time=127.000 ms, Mem=20.89 MB, Discarded=148940

=== Batch 4/4 for MemAppender(ArrayList) (maxSize=1000) ===
Batch 4: Time=155.000 ms, Mem=0.00 MB, Discarded=198920
MemAppender(ArrayList) [Summary]                   1000         625.000      21.57              (Total Discarded: 198920)

=== Batch 1/4 for MemAppender(LinkedList) (maxSize=1000) ===
Batch 1: Time=100.000 ms, Mem=22.77 MB, Discarded=48980

=== Batch 2/4 for MemAppender(LinkedList) (maxSize=1000) ===
Batch 2: Time=89.000 ms, Mem=22.43 MB, Discarded=98960

=== Batch 3/4 for MemAppender(LinkedList) (maxSize=1000) ===
Batch 3: Time=79.000 ms, Mem=23.28 MB, Discarded=148940

=== Batch 4/4 for MemAppender(LinkedList) (maxSize=1000) ===
Batch 4: Time=99.000 ms, Mem=22.81 MB, Discarded=198920
MemAppender(LinkedList) [Summary]                  1000         367.000      23.28              (Total Discarded: 198920)

=== Batch 1/4 for MemAppender(ArrayList) (maxSize=10000) ===
Batch 1: Time=292.000 ms, Mem=32.03 MB, Discarded=39980

=== Batch 2/4 for MemAppender(ArrayList) (maxSize=10000) ===
Batch 2: Time=429.000 ms, Mem=32.15 MB, Discarded=89960

=== Batch 3/4 for MemAppender(ArrayList) (maxSize=10000) ===
Batch 3: Time=402.000 ms, Mem=32.76 MB, Discarded=139940

=== Batch 4/4 for MemAppender(ArrayList) (maxSize=10000) ===
Batch 4: Time=326.000 ms, Mem=0.00 MB, Discarded=189920
MemAppender(ArrayList) [Summary]                   10000        1449.000     32.76              (Total Discarded: 189920)

=== Batch 1/4 for MemAppender(LinkedList) (maxSize=10000) ===
Batch 1: Time=72.000 ms, Mem=33.78 MB, Discarded=39980

=== Batch 2/4 for MemAppender(LinkedList) (maxSize=10000) ===
Batch 2: Time=77.000 ms, Mem=34.03 MB, Discarded=89960

=== Batch 3/4 for MemAppender(LinkedList) (maxSize=10000) ===
Batch 3: Time=95.000 ms, Mem=32.82 MB, Discarded=139940

=== Batch 4/4 for MemAppender(LinkedList) (maxSize=10000) ===
Batch 4: Time=73.000 ms, Mem=33.62 MB, Discarded=189920
MemAppender(LinkedList) [Summary]                  10000        317.000      34.03              (Total Discarded: 189920)

=== Batch 1/4 for MemAppender(ArrayList) (maxSize=100000) ===
Batch 1: Time=68.000 ms, Mem=35.60 MB, Discarded=0

=== Batch 2/4 for MemAppender(ArrayList) (maxSize=100000) ===
Batch 2: Time=93.000 ms, Mem=0.00 MB, Discarded=0

=== Batch 3/4 for MemAppender(ArrayList) (maxSize=100000) ===
Batch 3: Time=1934.000 ms, Mem=104.83 MB, Discarded=49940

=== Batch 4/4 for MemAppender(ArrayList) (maxSize=100000) ===
Batch 4: Time=975.000 ms, Mem=0.00 MB, Discarded=99920
MemAppender(ArrayList) [Summary]                   100000       3070.000     104.83             (Total Discarded: 99920)

=== Batch 1/4 for MemAppender(LinkedList) (maxSize=100000) ===
Batch 1: Time=108.000 ms, Mem=0.00 MB, Discarded=0

=== Batch 2/4 for MemAppender(LinkedList) (maxSize=100000) ===
Batch 2: Time=117.000 ms, Mem=50.92 MB, Discarded=0

=== Batch 3/4 for MemAppender(LinkedList) (maxSize=100000) ===
Batch 3: Time=111.000 ms, Mem=59.89 MB, Discarded=49940

=== Batch 4/4 for MemAppender(LinkedList) (maxSize=100000) ===
Batch 4: Time=103.000 ms, Mem=0.00 MB, Discarded=99920
MemAppender(LinkedList) [Summary]                  100000       439.000      59.89              (Total Discarded: 99920)

=== Batch 1/4 for MemAppender(ArrayList) (maxSize=1000000) ===
Batch 1: Time=73.000 ms, Mem=20.23 MB, Discarded=0

=== Batch 2/4 for MemAppender(ArrayList) (maxSize=1000000) ===
Batch 2: Time=88.000 ms, Mem=0.00 MB, Discarded=0

=== Batch 3/4 for MemAppender(ArrayList) (maxSize=1000000) ===
Batch 3: Time=105.000 ms, Mem=54.20 MB, Discarded=0

=== Batch 4/4 for MemAppender(ArrayList) (maxSize=1000000) ===
Batch 4: Time=100.000 ms, Mem=75.08 MB, Discarded=0
MemAppender(ArrayList) [Summary]                   1000000      366.000      75.08              (Total Discarded: 0)

=== Batch 1/4 for MemAppender(LinkedList) (maxSize=1000000) ===
Batch 1: Time=111.000 ms, Mem=112.41 MB, Discarded=0

=== Batch 2/4 for MemAppender(LinkedList) (maxSize=1000000) ===
Batch 2: Time=114.000 ms, Mem=0.00 MB, Discarded=0

=== Batch 3/4 for MemAppender(LinkedList) (maxSize=1000000) ===
Batch 3: Time=118.000 ms, Mem=9.59 MB, Discarded=0

=== Batch 4/4 for MemAppender(LinkedList) (maxSize=1000000) ===
Batch 4: Time=96.000 ms, Mem=112.07 MB, Discarded=0
MemAppender(LinkedList) [Summary]                  1000000      439.000      112.41             (Total Discarded: 0)
ConsoleAppender(Dummy) [Summary]                   N/A          772.000      336.59            
FileAppender(Buffered) [Summary]                   N/A          2279.000     387.04            

=== Layout Comparison (200k logs, 30 threads) ===
VelocityLayout Time (200k logs): 8125.648 ms
PatternLayout Time (200k logs): 2801.252 ms
Performance Ratio: VelocityLayout is 2.9 x slower

=== Test finished. Sleeping for 90 seconds to allow profiler connection... ===
]]></system-out>
  </testcase>
</testsuite>